#
# There is insufficient memory for the Java Runtime Environment to continue.
# Native memory allocation (mmap) failed to map 266338304 bytes. Error detail: G1 virtual space
# Possible reasons:
#   The system is out of physical RAM or swap space
#   This process is running with CompressedOops enabled, and the Java Heap may be blocking the growth of the native heap
# Possible solutions:
#   Reduce memory load on the system
#   Increase physical memory or swap space
#   Check if swap backing store is full
#   Decrease Java heap size (-Xmx/-Xms)
#   Decrease number of Java threads
#   Decrease Java thread stack sizes (-Xss)
#   Set larger code cache with -XX:ReservedCodeCacheSize=
#   JVM is running with Zero Based Compressed Oops mode in which the Java heap is
#     placed in the first 32GB address space. The Java Heap base address is the
#     maximum limit for the native heap growth. Please use -XX:HeapBaseMinAddress
#     to set the Java Heap base and to place the Java Heap above 32GB virtual address.
# This output file may be truncated or incomplete.
#
#  Out of Memory Error (os_windows.cpp:3613), pid=27824, tid=29460
#
# JRE version:  (17.0.11+9) (build )
# Java VM: OpenJDK 64-Bit Server VM (17.0.11+9, mixed mode, sharing, tiered, compressed oops, compressed class ptrs, g1 gc, windows-amd64)
# No core dump will be written. Minidumps are not enabled by default on client versions of Windows
#

---------------  S U M M A R Y ------------

Command Line: -Dfile.encoding=UTF-8 -Dstdout.encoding=UTF-8 -Dstderr.encoding=UTF-8 --module-path=C:\Users\Mahmoud\Desktop\Analysis Project\ANALYSIS_PROJECT\bin -XX:+ShowCodeDetailsInExceptionMessages -Djdk.module.main=ANALYSIS_PROJECT ANALYSIS_PROJECT/csen703.main.assignment1.RingToss

Host: 11th Gen Intel(R) Core(TM) i7-11800H @ 2.30GHz, 16 cores, 15G,  Windows 11 , 64 bit Build 22621 (10.0.22621.4391)
Time: Sun Nov 17 21:23:58 2024 Egypt Standard Time elapsed time: 0.011002 seconds (0d 0h 0m 0s)

---------------  T H R E A D  ---------------

Current thread (0x000002b3c89192f0):  JavaThread "Unknown thread" [_thread_in_vm, id=29460, stack(0x000000ea4db00000,0x000000ea4dc00000)]

Stack: [0x000000ea4db00000,0x000000ea4dc00000]
Native frames: (J=compiled Java code, j=interpreted, Vv=VM code, C=native code)
V  [jvm.dll+0x67d429]
V  [jvm.dll+0x834b7a]
V  [jvm.dll+0x83663e]
V  [jvm.dll+0x836ca3]
V  [jvm.dll+0x247dbf]
V  [jvm.dll+0x67a269]
V  [jvm.dll+0x66ecda]
V  [jvm.dll+0x30797b]
V  [jvm.dll+0x30ee26]
V  [jvm.dll+0x35e80e]
V  [jvm.dll+0x35ea3f]
V  [jvm.dll+0x2de6b8]
V  [jvm.dll+0x2df624]
V  [jvm.dll+0x806531]
V  [jvm.dll+0x36c561]
V  [jvm.dll+0x7e4f56]
V  [jvm.dll+0x3efdcf]
V  [jvm.dll+0x3f1921]
C  [jli.dll+0x528f]
C  [ucrtbase.dll+0x29333]
C  [KERNEL32.DLL+0x1259d]
C  [ntdll.dll+0x5af38]


---------------  P R O C E S S  ---------------

Threads class SMR info:
_java_thread_list=0x00007ffd1969eed8, length=0, elements={
}

Java Threads: ( => current thread )

Other Threads:
  0x000002b3c8989da0 GCTaskThread "GC Thread#0" [stack: 0x000000ea4dc00000,0x000000ea4dd00000] [id=23928]
  0x000002b3c899a980 ConcurrentGCThread "G1 Main Marker" [stack: 0x000000ea4dd00000,0x000000ea4de00000] [id=8748]
  0x000002b3c899bb40 ConcurrentGCThread "G1 Conc#0" [stack: 0x000000ea4de00000,0x000000ea4df00000] [id=22464]

[error occurred during error reporting (printing all threads), id 0xc0000005, EXCEPTION_ACCESS_VIOLATION (0xc0000005) at pc=0x00007ffd18e5f0f7]

VM state: not at safepoint (not fully initialized)

VM Mutex/Monitor currently owned by a thread:  ([mutex/lock_event])
[0x000002b3c8913e90] Heap_lock - owner thread: 0x000002b3c89192f0

Heap address: 0x0000000703600000, size: 4042 MB, Compressed Oops mode: Zero based, Oop shift amount: 3

CDS archive(s) mapped at: [0x0000000000000000-0x0000000000000000-0x0000000000000000), size 0, SharedBaseAddress: 0x0000000800000000, ArchiveRelocationMode: 1.
Narrow klass base: 0x0000000000000000, Narrow klass shift: 0, Narrow klass range: 0x0

GC Precious Log:
<Empty>

Heap:
 garbage-first heap   total 0K, used 0K [0x0000000703600000, 0x0000000800000000)
  region size 2048K, 0 young (0K), 0 survivors (0K)

[error occurred during error reporting (printing heap information), id 0xc0000005, EXCEPTION_ACCESS_VIOLATION (0xc0000005) at pc=0x00007ffd192470c9]

GC Heap History (0 events):
No events

Dll operation events (1 events):
Event: 0.006 Loaded shared library C:\Users\Mahmoud\.p2\pool\plugins\org.eclipse.justj.openjdk.hotspot.jre.full.win32.x86_64_17.0.11.v20240426-1830\jre\bin\java.dll

Deoptimization events (0 events):
No events

Classes unloaded (0 events):
No events

Classes redefined (0 events):
No events

Internal exceptions (0 events):
No events

VM Operations (0 events):
No events

Events (0 events):
No events


Dynamic libraries:
0x00007ff7fbd80000 - 0x00007ff7fbd8e000 	C:\Users\Mahmoud\.p2\pool\plugins\org.eclipse.justj.openjdk.hotspot.jre.full.win32.x86_64_17.0.11.v20240426-1830\jre\bin\javaw.exe
0x00007ffdb0070000 - 0x00007ffdb0287000 	C:\WINDOWS\SYSTEM32\ntdll.dll
0x00007ffdaf7d0000 - 0x00007ffdaf894000 	C:\WINDOWS\System32\KERNEL32.DLL
0x00007ffdad9d0000 - 0x00007ffdadd89000 	C:\WINDOWS\System32\KERNELBASE.dll
0x00007ffdad620000 - 0x00007ffdad731000 	C:\WINDOWS\System32\ucrtbase.dll
0x00007ffd85a00000 - 0x00007ffd85a17000 	C:\Users\Mahmoud\.p2\pool\plugins\org.eclipse.justj.openjdk.hotspot.jre.full.win32.x86_64_17.0.11.v20240426-1830\jre\bin\jli.dll
0x00007ffdaeb50000 - 0x00007ffdaecfe000 	C:\WINDOWS\System32\USER32.dll
0x00007ffdad480000 - 0x00007ffdad4a6000 	C:\WINDOWS\System32\win32u.dll
0x00007ffd9c4a0000 - 0x00007ffd9c732000 	C:\WINDOWS\WinSxS\amd64_microsoft.windows.common-controls_6595b64144ccf1df_6.0.22621.4391_none_2715d37f73803e96\COMCTL32.dll
0x00007ffd807c0000 - 0x00007ffd807db000 	C:\Users\Mahmoud\.p2\pool\plugins\org.eclipse.justj.openjdk.hotspot.jre.full.win32.x86_64_17.0.11.v20240426-1830\jre\bin\VCRUNTIME140.dll
0x00007ffdafaf0000 - 0x00007ffdafb19000 	C:\WINDOWS\System32\GDI32.dll
0x00007ffdadd90000 - 0x00007ffdade37000 	C:\WINDOWS\System32\msvcrt.dll
0x00007ffdad7f0000 - 0x00007ffdad90b000 	C:\WINDOWS\System32\gdi32full.dll
0x00007ffdad3e0000 - 0x00007ffdad47a000 	C:\WINDOWS\System32\msvcp_win.dll
0x00007ffdaf8a0000 - 0x00007ffdaf8d1000 	C:\WINDOWS\System32\IMM32.DLL
0x00007ffd9abd0000 - 0x00007ffd9abdc000 	C:\Users\Mahmoud\.p2\pool\plugins\org.eclipse.justj.openjdk.hotspot.jre.full.win32.x86_64_17.0.11.v20240426-1830\jre\bin\vcruntime140_1.dll
0x00007ffd69bd0000 - 0x00007ffd69c5d000 	C:\Users\Mahmoud\.p2\pool\plugins\org.eclipse.justj.openjdk.hotspot.jre.full.win32.x86_64_17.0.11.v20240426-1830\jre\bin\msvcp140.dll
0x00007ffd18b70000 - 0x00007ffd197d2000 	C:\Users\Mahmoud\.p2\pool\plugins\org.eclipse.justj.openjdk.hotspot.jre.full.win32.x86_64_17.0.11.v20240426-1830\jre\bin\server\jvm.dll
0x00007ffdaee20000 - 0x00007ffdaeed2000 	C:\WINDOWS\System32\ADVAPI32.dll
0x00007ffdaf940000 - 0x00007ffdaf9e7000 	C:\WINDOWS\System32\sechost.dll
0x00007ffdad7c0000 - 0x00007ffdad7e8000 	C:\WINDOWS\System32\bcrypt.dll
0x00007ffdaed00000 - 0x00007ffdaee14000 	C:\WINDOWS\System32\RPCRT4.dll
0x00007ffdac1c0000 - 0x00007ffdac20d000 	C:\WINDOWS\SYSTEM32\POWRPROF.dll
0x00007ffd9f9a0000 - 0x00007ffd9f9d4000 	C:\WINDOWS\SYSTEM32\WINMM.dll
0x00007ffda7680000 - 0x00007ffda7689000 	C:\WINDOWS\SYSTEM32\WSOCK32.dll
0x00007ffdafec0000 - 0x00007ffdaff31000 	C:\WINDOWS\System32\WS2_32.dll
0x00007ffda5230000 - 0x00007ffda523a000 	C:\WINDOWS\SYSTEM32\VERSION.dll
0x00007ffdac1a0000 - 0x00007ffdac1b3000 	C:\WINDOWS\SYSTEM32\UMPDC.dll
0x00007ffdac460000 - 0x00007ffdac478000 	C:\WINDOWS\SYSTEM32\kernel.appcore.dll
0x00007ffda7670000 - 0x00007ffda767a000 	C:\Users\Mahmoud\.p2\pool\plugins\org.eclipse.justj.openjdk.hotspot.jre.full.win32.x86_64_17.0.11.v20240426-1830\jre\bin\jimage.dll
0x00007ffdaa540000 - 0x00007ffdaa772000 	C:\WINDOWS\SYSTEM32\DBGHELP.DLL
0x00007ffdafb20000 - 0x00007ffdafeaf000 	C:\WINDOWS\System32\combase.dll
0x00007ffdaff50000 - 0x00007ffdb0027000 	C:\WINDOWS\System32\OLEAUT32.dll
0x00007ffd93460000 - 0x00007ffd93492000 	C:\WINDOWS\SYSTEM32\dbgcore.DLL
0x00007ffdad740000 - 0x00007ffdad7bb000 	C:\WINDOWS\System32\bcryptPrimitives.dll
0x00007ffd9af30000 - 0x00007ffd9af55000 	C:\Users\Mahmoud\.p2\pool\plugins\org.eclipse.justj.openjdk.hotspot.jre.full.win32.x86_64_17.0.11.v20240426-1830\jre\bin\java.dll

dbghelp: loaded successfully - version: 4.0.5 - missing functions: none
symbol engine: initialized successfully - sym options: 0x614 - pdb path: .;C:\Users\Mahmoud\.p2\pool\plugins\org.eclipse.justj.openjdk.hotspot.jre.full.win32.x86_64_17.0.11.v20240426-1830\jre\bin;C:\WINDOWS\SYSTEM32;C:\WINDOWS\WinSxS\amd64_microsoft.windows.common-controls_6595b64144ccf1df_6.0.22621.4391_none_2715d37f73803e96;C:\Users\Mahmoud\.p2\pool\plugins\org.eclipse.justj.openjdk.hotspot.jre.full.win32.x86_64_17.0.11.v20240426-1830\jre\bin\server

VM Arguments:
jvm_args: -Dfile.encoding=UTF-8 -Dstdout.encoding=UTF-8 -Dstderr.encoding=UTF-8 --module-path=C:\Users\Mahmoud\Desktop\Analysis Project\ANALYSIS_PROJECT\bin -XX:+ShowCodeDetailsInExceptionMessages -Djdk.module.main=ANALYSIS_PROJECT 
java_command: ANALYSIS_PROJECT/csen703.main.assignment1.RingToss
java_class_path (initial): <not set>
Launcher Type: SUN_STANDARD

[Global flags]
     intx CICompilerCount                          = 12                                        {product} {ergonomic}
     uint ConcGCThreads                            = 3                                         {product} {ergonomic}
     uint G1ConcRefinementThreads                  = 13                                        {product} {ergonomic}
   size_t G1HeapRegionSize                         = 2097152                                   {product} {ergonomic}
    uintx GCDrainStackTargetSize                   = 64                                        {product} {ergonomic}
   size_t InitialHeapSize                          = 266338304                                 {product} {ergonomic}
   size_t MarkStackSize                            = 4194304                                   {product} {ergonomic}
   size_t MaxHeapSize                              = 4238344192                                {product} {ergonomic}
   size_t MinHeapDeltaBytes                        = 2097152                                   {product} {ergonomic}
   size_t MinHeapSize                              = 8388608                                   {product} {ergonomic}
    uintx NonNMethodCodeHeapSize                   = 7602480                                {pd product} {ergonomic}
    uintx NonProfiledCodeHeapSize                  = 122027880                              {pd product} {ergonomic}
    uintx ProfiledCodeHeapSize                     = 122027880                              {pd product} {ergonomic}
    uintx ReservedCodeCacheSize                    = 251658240                              {pd product} {ergonomic}
     bool SegmentedCodeCache                       = true                                      {product} {ergonomic}
     bool ShowCodeDetailsInExceptionMessages       = true                                   {manageable} {command line}
   size_t SoftMaxHeapSize                          = 4238344192                             {manageable} {ergonomic}
     bool UseCompressedClassPointers               = true                           {product lp64_product} {ergonomic}
     bool UseCompressedOops                        = true                           {product lp64_product} {ergonomic}
     bool UseG1GC                                  = true                                      {product} {ergonomic}
     bool UseLargePagesIndividualAllocation        = false                                  {pd product} {ergonomic}

Logging:
Log output configuration:
 #0: stdout all=warning uptime,level,tags
 #1: stderr all=off uptime,level,tags

Environment Variables:
PATH=C:/Users/Mahmoud/.p2/pool/plugins/org.eclipse.justj.openjdk.hotspot.jre.full.win32.x86_64_17.0.11.v20240426-1830/jre/bin/server;C:/Users/Mahmoud/.p2/pool/plugins/org.eclipse.justj.openjdk.hotspot.jre.full.win32.x86_64_17.0.11.v20240426-1830/jre/bin;C:\Program Files (x86)\Common Files\Oracle\Java\java8path;C:\Program Files (x86)\Common Files\Oracle\Java\javapath;C:\WINDOWS\system32;C:\WINDOWS;C:\WINDOWS\System32\Wbem;C:\WINDOWS\System32\WindowsPowerShell\v1.0\;C:\WINDOWS\System32\OpenSSH\;C:\Program Files\Microsoft SQL Server\150\Tools\Binn\;C:\Program Files\Microsoft SQL Server\Client SDK\ODBC\170\Tools\Binn\;C:\Program Files\NVIDIA Corporation\NVIDIA NvDLISR;C:\Program Files\nodejs\;C:\Program Files (x86)\Windows Kits\10\Windows Performance Toolkit\;C:\Program Files\CMake\bin;C:\Program Files\Git\cmd;C:\Program Files\PuTTY\;C:\Program Files\dotnet\;C:\Users\Mahmoud\AppData\Local\Programs\Python\Python39\Scripts\;C:\Users\Mahmoud\AppData\Local\Programs\Python\Python39\;C:\VSRAM\armcc\10 2021.10\bin;C:\Users\Mahmoud\AppData\Local\Microsoft\WindowsApps;C:\Users\Mahmoud\AppData\Local\Programs\Microsoft VS Code\bin;C:\Users\Mahmoud\AppData\Local\GitHubDesktop\bin;C:\Users\Mahmoud\AppData\Roaming\npm;C:\VSARM\mingw\mingw32\bin;C:\VSARM\armcc\10 2021.10\bin;C:\Users\Mahmoud\.dotnet\tools;C:\WINDOWS\system32;
USERNAME=Mahmoud
OS=Windows_NT
PROCESSOR_IDENTIFIER=Intel64 Family 6 Model 141 Stepping 1, GenuineIntel
TMP=C:\Users\Mahmoud\AppData\Local\Temp
TEMP=C:\Users\Mahmoud\AppData\Local\Temp



Periodic native trim disabled


---------------  S Y S T E M  ---------------

OS:
 Windows 11 , 64 bit Build 22621 (10.0.22621.4391)
OS uptime: 1 days 3:44 hours
Hyper-V role detected

CPU: total 16 (initial active 16) (8 cores per cpu, 2 threads per core) family 6 model 141 stepping 1 microcode 0x3e, cx8, cmov, fxsr, ht, mmx, 3dnowpref, sse, sse2, sse3, ssse3, sse4.1, sse4.2, popcnt, lzcnt, tsc, tscinvbit, avx, avx2, aes, erms, clmul, bmi1, bmi2, adx, avx512f, avx512dq, avx512cd, avx512bw, avx512vl, sha, fma, vzeroupper, avx512_vpopcntdq, avx512_vpclmulqdq, avx512_vaes, avx512_vnni, clflush, clflushopt, clwb, avx512_vbmi2, avx512_vbmi, hv
Processor Information for all 16 processors :
  Max Mhz: 2304, Current Mhz: 2304, Mhz Limit: 2304

Memory: 4k page, system-wide physical 16167M (4429M free)
TotalPageFile size 16167M (AvailPageFile size 76M)
current process WorkingSet (physical memory assigned to process): 11M, peak: 11M
current process commit charge ("private bytes"): 70M, peak: 324M

vm_info: OpenJDK 64-Bit Server VM (17.0.11+9) for windows-amd64 JRE (17.0.11+9), built on Apr 17 2024 06:07:48 by "admin" with MS VC++ 16.10 / 16.11 (VS2019)

END.
